apps/android/app/build/intermediates/manifest_merge_blame_file/release/manifest-merger-blame-release-report.txt
1<?xml version="1.0" encoding="utf-8"?>
2<manifest xmlns:android="http://schemas.android.com/apk/res/android"
3    package="com.bingetv.app"
4    android:versionCode="2"
5    android:versionName="2.0.0" >
6
7    <uses-sdk
8        android:minSdkVersion="23"
9        android:targetSdkVersion="33" />
10
11    <!-- Internet permission for streaming -->
12    <uses-permission android:name="android.permission.INTERNET" />
12-->src/main/AndroidManifest.xml:6:5-67
12-->src/main/AndroidManifest.xml:6:22-64
13    <uses-permission android:name="android.permission.ACCESS_NETWORK_STATE" />
13-->src/main/AndroidManifest.xml:7:5-79
13-->src/main/AndroidManifest.xml:7:22-76
14    <uses-permission android:name="android.permission.ACCESS_WIFI_STATE" />
14-->src/main/AndroidManifest.xml:8:5-76
14-->src/main/AndroidManifest.xml:8:22-73
15    <uses-permission android:name="android.permission.POST_NOTIFICATIONS" />
15-->src/main/AndroidManifest.xml:9:5-76
15-->src/main/AndroidManifest.xml:9:22-74
16    <uses-permission android:name="android.permission.RECEIVE_BOOT_COMPLETED" />
16-->src/main/AndroidManifest.xml:10:5-81
16-->src/main/AndroidManifest.xml:10:22-78
17    <uses-permission android:name="android.permission.FOREGROUND_SERVICE" />
17-->src/main/AndroidManifest.xml:11:5-77
17-->src/main/AndroidManifest.xml:11:22-74
18
19    <!-- TV features -->
20    <uses-feature
20-->src/main/AndroidManifest.xml:14:5-16:35
21        android:name="android.software.leanback"
21-->src/main/AndroidManifest.xml:15:9-49
22        android:required="true" />
22-->src/main/AndroidManifest.xml:16:9-32
23    <uses-feature
23-->src/main/AndroidManifest.xml:17:5-19:36
24        android:name="android.hardware.touchscreen"
24-->src/main/AndroidManifest.xml:18:9-52
25        android:required="false" />
25-->src/main/AndroidManifest.xml:19:9-33
26
27    <uses-permission android:name="android.permission.WAKE_LOCK" />
27-->[androidx.work:work-runtime:2.8.1] AndroidManifest.xml:23:5-68
27-->[androidx.work:work-runtime:2.8.1] AndroidManifest.xml:23:22-65
28
29    <permission
29-->[androidx.core:core:1.10.1] AndroidManifest.xml:22:5-24:47
30        android:name="com.bingetv.app.DYNAMIC_RECEIVER_NOT_EXPORTED_PERMISSION"
30-->[androidx.core:core:1.10.1] AndroidManifest.xml:23:9-81
31        android:protectionLevel="signature" />
31-->[androidx.core:core:1.10.1] AndroidManifest.xml:24:9-44
32
33    <uses-permission android:name="com.bingetv.app.DYNAMIC_RECEIVER_NOT_EXPORTED_PERMISSION" />
33-->[androidx.core:core:1.10.1] AndroidManifest.xml:26:5-97
33-->[androidx.core:core:1.10.1] AndroidManifest.xml:26:22-94
34
35    <application
35-->src/main/AndroidManifest.xml:21:5-101:19
36        android:allowBackup="true"
36-->src/main/AndroidManifest.xml:22:9-35
37        android:appComponentFactory="androidx.core.app.CoreComponentFactory"
37-->[androidx.core:core:1.10.1] AndroidManifest.xml:28:18-86
38        android:banner="@drawable/app_banner"
38-->src/main/AndroidManifest.xml:28:9-46
39        android:extractNativeLibs="false"
40        android:icon="@drawable/icon"
40-->src/main/AndroidManifest.xml:23:9-38
41        android:label="@string/app_name"
41-->src/main/AndroidManifest.xml:24:9-41
42        android:networkSecurityConfig="@xml/network_security_config"
42-->src/main/AndroidManifest.xml:27:9-69
43        android:supportsRtl="true"
43-->src/main/AndroidManifest.xml:25:9-35
44        android:theme="@style/Theme.Leanback" >
44-->src/main/AndroidManifest.xml:26:9-46
45
46        <!-- Splash Activity (Launcher) -->
47        <activity
47-->src/main/AndroidManifest.xml:32:9-44:20
48            android:name="com.bingetv.app.ui.splash.SplashActivity"
48-->src/main/AndroidManifest.xml:33:13-53
49            android:banner="@drawable/app_banner"
49-->src/main/AndroidManifest.xml:35:13-50
50            android:exported="true"
50-->src/main/AndroidManifest.xml:34:13-36
51            android:logo="@drawable/app_banner"
51-->src/main/AndroidManifest.xml:36:13-48
52            android:screenOrientation="landscape"
52-->src/main/AndroidManifest.xml:37:13-50
53            android:theme="@style/Theme.BingeTV.Light" >
53-->src/main/AndroidManifest.xml:38:13-55
54            <intent-filter>
54-->src/main/AndroidManifest.xml:39:13-43:29
55                <action android:name="android.intent.action.MAIN" />
55-->src/main/AndroidManifest.xml:40:17-69
55-->src/main/AndroidManifest.xml:40:25-66
56
57                <category android:name="android.intent.category.LAUNCHER" />
57-->src/main/AndroidManifest.xml:41:17-77
57-->src/main/AndroidManifest.xml:41:27-74
58                <category android:name="android.intent.category.LEANBACK_LAUNCHER" />
58-->src/main/AndroidManifest.xml:42:17-86
58-->src/main/AndroidManifest.xml:42:27-83
59            </intent-filter>
60        </activity>
61
62        <!-- Login Activity -->
63        <activity
63-->src/main/AndroidManifest.xml:47:9-51:53
64            android:name="com.bingetv.app.ui.login.LoginActivity"
64-->src/main/AndroidManifest.xml:48:13-51
65            android:exported="false"
65-->src/main/AndroidManifest.xml:49:13-37
66            android:screenOrientation="landscape"
66-->src/main/AndroidManifest.xml:50:13-50
67            android:theme="@style/Theme.Leanback" />
67-->src/main/AndroidManifest.xml:51:13-50
68
69        <!-- Enhanced Main Activity -->
70        <activity
70-->src/main/AndroidManifest.xml:54:9-62:58
71            android:name="com.bingetv.app.ui.main.EnhancedMainActivity"
71-->src/main/AndroidManifest.xml:55:13-57
72            android:banner="@drawable/app_banner"
72-->src/main/AndroidManifest.xml:57:13-50
73            android:exported="false"
73-->src/main/AndroidManifest.xml:56:13-37
74            android:icon="@drawable/icon"
74-->src/main/AndroidManifest.xml:58:13-42
75            android:label="@string/app_name"
75-->src/main/AndroidManifest.xml:59:13-45
76            android:logo="@drawable/app_banner"
76-->src/main/AndroidManifest.xml:60:13-48
77            android:screenOrientation="landscape"
77-->src/main/AndroidManifest.xml:61:13-50
78            android:theme="@style/Theme.BingeTV.Light" />
78-->src/main/AndroidManifest.xml:62:13-55
79
80        <!-- Original Main Activity (Keep for now) -->
81        <activity
81-->src/main/AndroidManifest.xml:65:9-69:53
82            android:name="com.bingetv.app.MainActivity"
82-->src/main/AndroidManifest.xml:66:13-41
83            android:exported="false"
83-->src/main/AndroidManifest.xml:67:13-37
84            android:screenOrientation="landscape"
84-->src/main/AndroidManifest.xml:68:13-50
85            android:theme="@style/Theme.Leanback" />
85-->src/main/AndroidManifest.xml:69:13-50
86
87        <!-- Settings Activity -->
88        <activity
88-->src/main/AndroidManifest.xml:72:9-76:53
89            android:name="com.bingetv.app.ui.settings.SettingsActivity"
89-->src/main/AndroidManifest.xml:73:13-57
90            android:exported="false"
90-->src/main/AndroidManifest.xml:74:13-37
91            android:screenOrientation="landscape"
91-->src/main/AndroidManifest.xml:75:13-50
92            android:theme="@style/Theme.Leanback" />
92-->src/main/AndroidManifest.xml:76:13-50
93
94        <!-- Playback Activity -->
95        <activity
95-->src/main/AndroidManifest.xml:79:9-85:66
96            android:name="com.bingetv.app.PlaybackActivity"
96-->src/main/AndroidManifest.xml:80:13-45
97            android:configChanges="keyboard|keyboardHidden|orientation|screenSize|screenLayout|smallestScreenSize"
97-->src/main/AndroidManifest.xml:81:13-115
98            android:launchMode="singleTask"
98-->src/main/AndroidManifest.xml:82:13-44
99            android:screenOrientation="landscape"
99-->src/main/AndroidManifest.xml:83:13-50
100            android:supportsPictureInPicture="true"
100-->src/main/AndroidManifest.xml:84:13-52
101            android:theme="@style/Theme.AppCompat.NoActionBar" />
101-->src/main/AndroidManifest.xml:85:13-63
102        <activity
102-->src/main/AndroidManifest.xml:87:9-90:53
103            android:name="com.bingetv.app.PlaylistBrowserActivity"
103-->src/main/AndroidManifest.xml:88:13-52
104            android:screenOrientation="landscape"
104-->src/main/AndroidManifest.xml:89:13-50
105            android:theme="@style/Theme.Leanback" />
105-->src/main/AndroidManifest.xml:90:13-50
106
107        <receiver
107-->src/main/AndroidManifest.xml:92:9-100:20
108            android:name="com.bingetv.app.receivers.BootReceiver"
108-->src/main/AndroidManifest.xml:93:13-51
109            android:enabled="true"
109-->src/main/AndroidManifest.xml:94:13-35
110            android:exported="true" >
110-->src/main/AndroidManifest.xml:95:13-36
111            <intent-filter>
111-->src/main/AndroidManifest.xml:96:13-99:29
112                <action android:name="android.intent.action.BOOT_COMPLETED" />
112-->src/main/AndroidManifest.xml:97:17-79
112-->src/main/AndroidManifest.xml:97:25-76
113                <action android:name="android.intent.action.QUICKBOOT_POWERON" />
113-->src/main/AndroidManifest.xml:98:17-82
113-->src/main/AndroidManifest.xml:98:25-79
114            </intent-filter>
115        </receiver>
116
117        <provider
117-->[androidx.work:work-runtime:2.8.1] AndroidManifest.xml:29:9-37:20
118            android:name="androidx.startup.InitializationProvider"
118-->[androidx.work:work-runtime:2.8.1] AndroidManifest.xml:30:13-67
119            android:authorities="com.bingetv.app.androidx-startup"
119-->[androidx.work:work-runtime:2.8.1] AndroidManifest.xml:31:13-68
120            android:exported="false" >
120-->[androidx.work:work-runtime:2.8.1] AndroidManifest.xml:32:13-37
121            <meta-data
121-->[androidx.work:work-runtime:2.8.1] AndroidManifest.xml:34:13-36:52
122                android:name="androidx.work.WorkManagerInitializer"
122-->[androidx.work:work-runtime:2.8.1] AndroidManifest.xml:35:17-68
123                android:value="androidx.startup" />
123-->[androidx.work:work-runtime:2.8.1] AndroidManifest.xml:36:17-49
124            <meta-data
124-->[androidx.emoji2:emoji2:1.2.0] AndroidManifest.xml:29:13-31:52
125                android:name="androidx.emoji2.text.EmojiCompatInitializer"
125-->[androidx.emoji2:emoji2:1.2.0] AndroidManifest.xml:30:17-75
126                android:value="androidx.startup" />
126-->[androidx.emoji2:emoji2:1.2.0] AndroidManifest.xml:31:17-49
127            <meta-data
127-->[androidx.lifecycle:lifecycle-process:2.6.1] AndroidManifest.xml:29:13-31:52
128                android:name="androidx.lifecycle.ProcessLifecycleInitializer"
128-->[androidx.lifecycle:lifecycle-process:2.6.1] AndroidManifest.xml:30:17-78
129                android:value="androidx.startup" />
129-->[androidx.lifecycle:lifecycle-process:2.6.1] AndroidManifest.xml:31:17-49
130            <meta-data
130-->[androidx.profileinstaller:profileinstaller:1.3.0] AndroidManifest.xml:29:13-31:52
131                android:name="androidx.profileinstaller.ProfileInstallerInitializer"
131-->[androidx.profileinstaller:profileinstaller:1.3.0] AndroidManifest.xml:30:17-85
132                android:value="androidx.startup" />
132-->[androidx.profileinstaller:profileinstaller:1.3.0] AndroidManifest.xml:31:17-49
133        </provider>
134
135        <service
135-->[androidx.work:work-runtime:2.8.1] AndroidManifest.xml:39:9-45:35
136            android:name="androidx.work.impl.background.systemalarm.SystemAlarmService"
136-->[androidx.work:work-runtime:2.8.1] AndroidManifest.xml:40:13-88
137            android:directBootAware="false"
137-->[androidx.work:work-runtime:2.8.1] AndroidManifest.xml:41:13-44
138            android:enabled="@bool/enable_system_alarm_service_default"
138-->[androidx.work:work-runtime:2.8.1] AndroidManifest.xml:42:13-72
139            android:exported="false" />
139-->[androidx.work:work-runtime:2.8.1] AndroidManifest.xml:43:13-37
140        <service
140-->[androidx.work:work-runtime:2.8.1] AndroidManifest.xml:46:9-52:35
141            android:name="androidx.work.impl.background.systemjob.SystemJobService"
141-->[androidx.work:work-runtime:2.8.1] AndroidManifest.xml:47:13-84
142            android:directBootAware="false"
142-->[androidx.work:work-runtime:2.8.1] AndroidManifest.xml:48:13-44
143            android:enabled="@bool/enable_system_job_service_default"
143-->[androidx.work:work-runtime:2.8.1] AndroidManifest.xml:49:13-70
144            android:exported="true"
144-->[androidx.work:work-runtime:2.8.1] AndroidManifest.xml:50:13-36
145            android:permission="android.permission.BIND_JOB_SERVICE" />
145-->[androidx.work:work-runtime:2.8.1] AndroidManifest.xml:51:13-69
146        <service
146-->[androidx.work:work-runtime:2.8.1] AndroidManifest.xml:53:9-59:35
147            android:name="androidx.work.impl.foreground.SystemForegroundService"
147-->[androidx.work:work-runtime:2.8.1] AndroidManifest.xml:54:13-81
148            android:directBootAware="false"
148-->[androidx.work:work-runtime:2.8.1] AndroidManifest.xml:55:13-44
149            android:enabled="@bool/enable_system_foreground_service_default"
149-->[androidx.work:work-runtime:2.8.1] AndroidManifest.xml:56:13-77
150            android:exported="false" />
150-->[androidx.work:work-runtime:2.8.1] AndroidManifest.xml:57:13-37
151
152        <receiver
152-->[androidx.work:work-runtime:2.8.1] AndroidManifest.xml:61:9-66:35
153            android:name="androidx.work.impl.utils.ForceStopRunnable$BroadcastReceiver"
153-->[androidx.work:work-runtime:2.8.1] AndroidManifest.xml:62:13-88
154            android:directBootAware="false"
154-->[androidx.work:work-runtime:2.8.1] AndroidManifest.xml:63:13-44
155            android:enabled="true"
155-->[androidx.work:work-runtime:2.8.1] AndroidManifest.xml:64:13-35
156            android:exported="false" />
156-->[androidx.work:work-runtime:2.8.1] AndroidManifest.xml:65:13-37
157        <receiver
157-->[androidx.work:work-runtime:2.8.1] AndroidManifest.xml:67:9-77:20
158            android:name="androidx.work.impl.background.systemalarm.ConstraintProxy$BatteryChargingProxy"
158-->[androidx.work:work-runtime:2.8.1] AndroidManifest.xml:68:13-106
159            android:directBootAware="false"
159-->[androidx.work:work-runtime:2.8.1] AndroidManifest.xml:69:13-44
160            android:enabled="false"
160-->[androidx.work:work-runtime:2.8.1] AndroidManifest.xml:70:13-36
161            android:exported="false" >
161-->[androidx.work:work-runtime:2.8.1] AndroidManifest.xml:71:13-37
162            <intent-filter>
162-->[androidx.work:work-runtime:2.8.1] AndroidManifest.xml:73:13-76:29
163                <action android:name="android.intent.action.ACTION_POWER_CONNECTED" />
163-->[androidx.work:work-runtime:2.8.1] AndroidManifest.xml:74:17-87
163-->[androidx.work:work-runtime:2.8.1] AndroidManifest.xml:74:25-84
164                <action android:name="android.intent.action.ACTION_POWER_DISCONNECTED" />
164-->[androidx.work:work-runtime:2.8.1] AndroidManifest.xml:75:17-90
164-->[androidx.work:work-runtime:2.8.1] AndroidManifest.xml:75:25-87
165            </intent-filter>
166        </receiver>
167        <receiver
167-->[androidx.work:work-runtime:2.8.1] AndroidManifest.xml:78:9-88:20
168            android:name="androidx.work.impl.background.systemalarm.ConstraintProxy$BatteryNotLowProxy"
168-->[androidx.work:work-runtime:2.8.1] AndroidManifest.xml:79:13-104
169            android:directBootAware="false"
169-->[androidx.work:work-runtime:2.8.1] AndroidManifest.xml:80:13-44
170            android:enabled="false"
170-->[androidx.work:work-runtime:2.8.1] AndroidManifest.xml:81:13-36
171            android:exported="false" >
171-->[androidx.work:work-runtime:2.8.1] AndroidManifest.xml:82:13-37
172            <intent-filter>
172-->[androidx.work:work-runtime:2.8.1] AndroidManifest.xml:84:13-87:29
173                <action android:name="android.intent.action.BATTERY_OKAY" />
173-->[androidx.work:work-runtime:2.8.1] AndroidManifest.xml:85:17-77
173-->[androidx.work:work-runtime:2.8.1] AndroidManifest.xml:85:25-74
174                <action android:name="android.intent.action.BATTERY_LOW" />
174-->[androidx.work:work-runtime:2.8.1] AndroidManifest.xml:86:17-76
174-->[androidx.work:work-runtime:2.8.1] AndroidManifest.xml:86:25-73
175            </intent-filter>
176        </receiver>
177        <receiver
177-->[androidx.work:work-runtime:2.8.1] AndroidManifest.xml:89:9-99:20
178            android:name="androidx.work.impl.background.systemalarm.ConstraintProxy$StorageNotLowProxy"
178-->[androidx.work:work-runtime:2.8.1] AndroidManifest.xml:90:13-104
179            android:directBootAware="false"
179-->[androidx.work:work-runtime:2.8.1] AndroidManifest.xml:91:13-44
180            android:enabled="false"
180-->[androidx.work:work-runtime:2.8.1] AndroidManifest.xml:92:13-36
181            android:exported="false" >
181-->[androidx.work:work-runtime:2.8.1] AndroidManifest.xml:93:13-37
182            <intent-filter>
182-->[androidx.work:work-runtime:2.8.1] AndroidManifest.xml:95:13-98:29
183                <action android:name="android.intent.action.DEVICE_STORAGE_LOW" />
183-->[androidx.work:work-runtime:2.8.1] AndroidManifest.xml:96:17-83
183-->[androidx.work:work-runtime:2.8.1] AndroidManifest.xml:96:25-80
184                <action android:name="android.intent.action.DEVICE_STORAGE_OK" />
184-->[androidx.work:work-runtime:2.8.1] AndroidManifest.xml:97:17-82
184-->[androidx.work:work-runtime:2.8.1] AndroidManifest.xml:97:25-79
185            </intent-filter>
186        </receiver>
187        <receiver
187-->[androidx.work:work-runtime:2.8.1] AndroidManifest.xml:100:9-109:20
188            android:name="androidx.work.impl.background.systemalarm.ConstraintProxy$NetworkStateProxy"
188-->[androidx.work:work-runtime:2.8.1] AndroidManifest.xml:101:13-103
189            android:directBootAware="false"
189-->[androidx.work:work-runtime:2.8.1] AndroidManifest.xml:102:13-44
190            android:enabled="false"
190-->[androidx.work:work-runtime:2.8.1] AndroidManifest.xml:103:13-36
191            android:exported="false" >
191-->[androidx.work:work-runtime:2.8.1] AndroidManifest.xml:104:13-37
192            <intent-filter>
192-->[androidx.work:work-runtime:2.8.1] AndroidManifest.xml:106:13-108:29
193                <action android:name="android.net.conn.CONNECTIVITY_CHANGE" />
193-->[androidx.work:work-runtime:2.8.1] AndroidManifest.xml:107:17-79
193-->[androidx.work:work-runtime:2.8.1] AndroidManifest.xml:107:25-76
194            </intent-filter>
195        </receiver>
196        <receiver
196-->[androidx.work:work-runtime:2.8.1] AndroidManifest.xml:110:9-121:20
197            android:name="androidx.work.impl.background.systemalarm.RescheduleReceiver"
197-->[androidx.work:work-runtime:2.8.1] AndroidManifest.xml:111:13-88
198            android:directBootAware="false"
198-->[androidx.work:work-runtime:2.8.1] AndroidManifest.xml:112:13-44
199            android:enabled="false"
199-->[androidx.work:work-runtime:2.8.1] AndroidManifest.xml:113:13-36
200            android:exported="false" >
200-->[androidx.work:work-runtime:2.8.1] AndroidManifest.xml:114:13-37
201            <intent-filter>
201-->[androidx.work:work-runtime:2.8.1] AndroidManifest.xml:116:13-120:29
202                <action android:name="android.intent.action.BOOT_COMPLETED" />
202-->src/main/AndroidManifest.xml:97:17-79
202-->src/main/AndroidManifest.xml:97:25-76
203                <action android:name="android.intent.action.TIME_SET" />
203-->[androidx.work:work-runtime:2.8.1] AndroidManifest.xml:118:17-73
203-->[androidx.work:work-runtime:2.8.1] AndroidManifest.xml:118:25-70
204                <action android:name="android.intent.action.TIMEZONE_CHANGED" />
204-->[androidx.work:work-runtime:2.8.1] AndroidManifest.xml:119:17-81
204-->[androidx.work:work-runtime:2.8.1] AndroidManifest.xml:119:25-78
205            </intent-filter>
206        </receiver>
207        <receiver
207-->[androidx.work:work-runtime:2.8.1] AndroidManifest.xml:122:9-131:20
208            android:name="androidx.work.impl.background.systemalarm.ConstraintProxyUpdateReceiver"
208-->[androidx.work:work-runtime:2.8.1] AndroidManifest.xml:123:13-99
209            android:directBootAware="false"
209-->[androidx.work:work-runtime:2.8.1] AndroidManifest.xml:124:13-44
210            android:enabled="@bool/enable_system_alarm_service_default"
210-->[androidx.work:work-runtime:2.8.1] AndroidManifest.xml:125:13-72
211            android:exported="false" >
211-->[androidx.work:work-runtime:2.8.1] AndroidManifest.xml:126:13-37
212            <intent-filter>
212-->[androidx.work:work-runtime:2.8.1] AndroidManifest.xml:128:13-130:29
213                <action android:name="androidx.work.impl.background.systemalarm.UpdateProxies" />
213-->[androidx.work:work-runtime:2.8.1] AndroidManifest.xml:129:17-98
213-->[androidx.work:work-runtime:2.8.1] AndroidManifest.xml:129:25-95
214            </intent-filter>
215        </receiver>
216        <receiver
216-->[androidx.work:work-runtime:2.8.1] AndroidManifest.xml:132:9-142:20
217            android:name="androidx.work.impl.diagnostics.DiagnosticsReceiver"
217-->[androidx.work:work-runtime:2.8.1] AndroidManifest.xml:133:13-78
218            android:directBootAware="false"
218-->[androidx.work:work-runtime:2.8.1] AndroidManifest.xml:134:13-44
219            android:enabled="true"
219-->[androidx.work:work-runtime:2.8.1] AndroidManifest.xml:135:13-35
220            android:exported="true"
220-->[androidx.work:work-runtime:2.8.1] AndroidManifest.xml:136:13-36
221            android:permission="android.permission.DUMP" >
221-->[androidx.work:work-runtime:2.8.1] AndroidManifest.xml:137:13-57
222            <intent-filter>
222-->[androidx.work:work-runtime:2.8.1] AndroidManifest.xml:139:13-141:29
223                <action android:name="androidx.work.diagnostics.REQUEST_DIAGNOSTICS" />
223-->[androidx.work:work-runtime:2.8.1] AndroidManifest.xml:140:17-88
223-->[androidx.work:work-runtime:2.8.1] AndroidManifest.xml:140:25-85
224            </intent-filter>
225        </receiver>
226
227        <uses-library
227-->[androidx.window:window:1.0.0] AndroidManifest.xml:25:9-27:40
228            android:name="androidx.window.extensions"
228-->[androidx.window:window:1.0.0] AndroidManifest.xml:26:13-54
229            android:required="false" />
229-->[androidx.window:window:1.0.0] AndroidManifest.xml:27:13-37
230        <uses-library
230-->[androidx.window:window:1.0.0] AndroidManifest.xml:28:9-30:40
231            android:name="androidx.window.sidecar"
231-->[androidx.window:window:1.0.0] AndroidManifest.xml:29:13-51
232            android:required="false" />
232-->[androidx.window:window:1.0.0] AndroidManifest.xml:30:13-37
233
234        <service
234-->[androidx.room:room-runtime:2.5.2] AndroidManifest.xml:24:9-28:63
235            android:name="androidx.room.MultiInstanceInvalidationService"
235-->[androidx.room:room-runtime:2.5.2] AndroidManifest.xml:25:13-74
236            android:directBootAware="true"
236-->[androidx.room:room-runtime:2.5.2] AndroidManifest.xml:26:13-43
237            android:exported="false" />
237-->[androidx.room:room-runtime:2.5.2] AndroidManifest.xml:27:13-37
238
239        <receiver
239-->[androidx.profileinstaller:profileinstaller:1.3.0] AndroidManifest.xml:34:9-52:20
240            android:name="androidx.profileinstaller.ProfileInstallReceiver"
240-->[androidx.profileinstaller:profileinstaller:1.3.0] AndroidManifest.xml:35:13-76
241            android:directBootAware="false"
241-->[androidx.profileinstaller:profileinstaller:1.3.0] AndroidManifest.xml:36:13-44
242            android:enabled="true"
242-->[androidx.profileinstaller:profileinstaller:1.3.0] AndroidManifest.xml:37:13-35
243            android:exported="true"
243-->[androidx.profileinstaller:profileinstaller:1.3.0] AndroidManifest.xml:38:13-36
244            android:permission="android.permission.DUMP" >
244-->[androidx.profileinstaller:profileinstaller:1.3.0] AndroidManifest.xml:39:13-57
245            <intent-filter>
245-->[androidx.profileinstaller:profileinstaller:1.3.0] AndroidManifest.xml:40:13-42:29
246                <action android:name="androidx.profileinstaller.action.INSTALL_PROFILE" />
246-->[androidx.profileinstaller:profileinstaller:1.3.0] AndroidManifest.xml:41:17-91
246-->[androidx.profileinstaller:profileinstaller:1.3.0] AndroidManifest.xml:41:25-88
247            </intent-filter>
248            <intent-filter>
248-->[androidx.profileinstaller:profileinstaller:1.3.0] AndroidManifest.xml:43:13-45:29
249                <action android:name="androidx.profileinstaller.action.SKIP_FILE" />
249-->[androidx.profileinstaller:profileinstaller:1.3.0] AndroidManifest.xml:44:17-85
249-->[androidx.profileinstaller:profileinstaller:1.3.0] AndroidManifest.xml:44:25-82
250            </intent-filter>
251            <intent-filter>
251-->[androidx.profileinstaller:profileinstaller:1.3.0] AndroidManifest.xml:46:13-48:29
252                <action android:name="androidx.profileinstaller.action.SAVE_PROFILE" />
252-->[androidx.profileinstaller:profileinstaller:1.3.0] AndroidManifest.xml:47:17-88
252-->[androidx.profileinstaller:profileinstaller:1.3.0] AndroidManifest.xml:47:25-85
253            </intent-filter>
254            <intent-filter>
254-->[androidx.profileinstaller:profileinstaller:1.3.0] AndroidManifest.xml:49:13-51:29
255                <action android:name="androidx.profileinstaller.action.BENCHMARK_OPERATION" />
255-->[androidx.profileinstaller:profileinstaller:1.3.0] AndroidManifest.xml:50:17-95
255-->[androidx.profileinstaller:profileinstaller:1.3.0] AndroidManifest.xml:50:25-92
256            </intent-filter>
257        </receiver>
258    </application>
259
260</manifest>